<?xml version="1.0" encoding="UTF-8"?>
<coverage generated="1771607079490" clover="3.2.0">
  <project timestamp="1771607079491" name="All files">
    <metrics statements="21" coveredstatements="21" conditionals="8" coveredconditionals="8" methods="4" coveredmethods="4" elements="33" coveredelements="33" complexity="0" loc="21" ncloc="21" packages="1" files="1" classes="1"/>
    <file name="app.js" path="C:\Users\melia\Documents\devops_base_github\TD\td4\scripts\sample-app\app.js">
      <metrics statements="21" coveredstatements="21" conditionals="8" coveredconditionals="8" methods="4" coveredmethods="4"/>
      <line num="2" count="1" type="stmt"/>
      <line num="3" count="1" type="stmt"/>
      <line num="5" count="1" type="stmt"/>
      <line num="6" count="1" type="stmt"/>
      <line num="10" count="1" type="stmt"/>
      <line num="11" count="1" type="stmt"/>
      <line num="15" count="1" type="stmt"/>
      <line num="16" count="6" type="stmt"/>
      <line num="17" count="6" type="stmt"/>
      <line num="20" count="6" type="cond" truecount="4" falsecount="0"/>
      <line num="21" count="3" type="stmt"/>
      <line num="24" count="3" type="stmt"/>
      <line num="25" count="3" type="stmt"/>
      <line num="30" count="1" type="stmt"/>
      <line num="31" count="4" type="stmt"/>
      <line num="32" count="4" type="stmt"/>
      <line num="35" count="4" type="cond" truecount="4" falsecount="0"/>
      <line num="36" count="1" type="stmt"/>
      <line num="39" count="3" type="stmt"/>
      <line num="40" count="3" type="stmt"/>
      <line num="43" count="1" type="stmt"/>
    </file>
  </project>
</coverage>
