TN:
SF:app.js
FN:5,(anonymous_0)
FN:10,(anonymous_1)
FN:15,(anonymous_2)
FN:30,(anonymous_3)
FNF:4
FNH:4
FNDA:1,(anonymous_0)
FNDA:1,(anonymous_1)
FNDA:6,(anonymous_2)
FNDA:4,(anonymous_3)
DA:2,1
DA:3,1
DA:5,1
DA:6,1
DA:10,1
DA:11,1
DA:15,1
DA:16,6
DA:17,6
DA:20,6
DA:21,3
DA:24,3
DA:25,3
DA:30,1
DA:31,4
DA:32,4
DA:35,4
DA:36,1
DA:39,3
DA:40,3
DA:43,1
LF:21
LH:21
BRDA:20,0,0,3
BRDA:20,0,1,3
BRDA:20,1,0,6
BRDA:20,1,1,4
BRDA:35,2,0,1
BRDA:35,2,1,3
BRDA:35,3,0,4
BRDA:35,3,1,3
BRF:8
BRH:8
end_of_record
